#
# There is insufficient memory for the Java Runtime Environment to continue.
# Native memory allocation (mmap) failed to map 264241152 bytes for Failed to commit area from 0x0000000704c00000 to 0x0000000714800000 of length 264241152.
# Possible reasons:
#   The system is out of physical RAM or swap space
#   The process is running with CompressedOops enabled, and the Java Heap may be blocking the growth of the native heap
# Possible solutions:
#   Reduce memory load on the system
#   Increase physical memory or swap space
#   Check if swap backing store is full
#   Decrease Java heap size (-Xmx/-Xms)
#   Decrease number of Java threads
#   Decrease Java thread stack sizes (-Xss)
#   Set larger code cache with -XX:ReservedCodeCacheSize=
# This output file may be truncated or incomplete.
#
#  Out of Memory Error (./src/hotspot/os/windows/os_windows.cpp:3386), pid=19928, tid=6780
#
# JRE version:  (11.0.16.1+1) (build )
# Java VM: OpenJDK 64-Bit Server VM (11.0.16.1+1, mixed mode, sharing, tiered, compressed oops, g1 gc, windows-amd64)
# No core dump will be written. Minidumps are not enabled by default on client versions of Windows
#

---------------  S U M M A R Y ------------

Command Line: 

Host: 11th Gen Intel(R) Core(TM) i7-1165G7 @ 2.80GHz, 8 cores, 15G,  Windows 10 , 64 bit Build 19041 (10.0.19041.1889)
Time: Thu Oct  6 10:59:00 2022 Malay Peninsula Standard Time elapsed time: 0.008217 seconds (0d 0h 0m 0s)

---------------  T H R E A D  ---------------

Current thread (0x000001ce2d9f2000):  JavaThread "Unknown thread" [_thread_in_vm, id=6780, stack(0x0000003a2b200000,0x0000003a2b300000)]

Stack: [0x0000003a2b200000,0x0000003a2b300000]
Native frames: (J=compiled Java code, j=interpreted, Vv=VM code, C=native code)
V  [jvm.dll+0x61f18a]
V  [jvm.dll+0x7abb09]
V  [jvm.dll+0x7ad1f8]
V  [jvm.dll+0x7ad8d3]
V  [jvm.dll+0x24fc38]
V  [jvm.dll+0x61c49a]
V  [jvm.dll+0x610c45]
V  [jvm.dll+0x307b5c]
V  [jvm.dll+0x3079e2]
V  [jvm.dll+0x30c6f6]
V  [jvm.dll+0x352b4f]
V  [jvm.dll+0x352580]
V  [jvm.dll+0x2e4b58]
V  [jvm.dll+0x2e5cb6]
V  [jvm.dll+0x785957]
V  [jvm.dll+0x7870df]
V  [jvm.dll+0x35f899]
V  [jvm.dll+0x7688c0]
V  [jvm.dll+0x3cd3bf]
V  [jvm.dll+0x3cf751]
C  [jli.dll+0x5207]
C  [ucrtbase.dll+0x21bb2]
C  [KERNEL32.DLL+0x17034]
C  [ntdll.dll+0x526a1]


---------------  P R O C E S S  ---------------

Threads class SMR info:
_java_thread_list=0x000001ce2d892cc0, length=0, elements={
}

Java Threads: ( => current thread )

Other Threads:
  0x000001ce2da0c000 GCTaskThread "GC Thread#0" [stack: 0x0000003a2b300000,0x0000003a2b400000] [id=24716]
  0x000001ce2da68000 ConcurrentGCThread "G1 Main Marker" [stack: 0x0000003a2b400000,0x0000003a2b500000] [id=25592]
  0x000001ce2da6a000 ConcurrentGCThread "G1 Conc#0" [stack: 0x0000003a2b500000,0x0000003a2b600000] [id=7436]

[error occurred during error reporting (printing all threads), id 0xc0000005, EXCEPTION_ACCESS_VIOLATION (0xc0000005) at pc=0x00007fff5de84327]

VM state:not at safepoint (not fully initialized)

VM Mutex/Monitor currently owned by a thread:  ([mutex/lock_event])
[0x000001ce2d9ecc50] Heap_lock - owner thread: 0x000001ce2d9f2000

Heap address: 0x0000000704c00000, size: 4020 MB, Compressed Oops mode: Non-zero based: 0x0000000704c00000
Narrow klass base: 0x0000000000000000, Narrow klass shift: 0

GC Heap History (0 events):
No events

Deoptimization events (0 events):
No events

Classes redefined (0 events):
No events

Internal exceptions (0 events):
No events

Events (1 events):
Event: 0.005 Loaded shared library C:\Program Files\Eclipse Adoptium\jdk-11.0.16.101-hotspot\bin\zip.dll


Dynamic libraries:
0x00007ff6e8230000 - 0x00007ff6e823d000 	C:\Program Files\Eclipse Adoptium\jdk-11.0.16.101-hotspot\bin\java.exe
0x00007fffd1150000 - 0x00007fffd1348000 	C:\Windows\SYSTEM32\ntdll.dll
0x00007fffcf350000 - 0x00007fffcf40d000 	C:\Windows\System32\KERNEL32.DLL
0x00007fffce980000 - 0x00007fffcec4e000 	C:\Windows\System32\KERNELBASE.dll
0x00007fffcec50000 - 0x00007fffced50000 	C:\Windows\System32\ucrtbase.dll
0x00007fffc7410000 - 0x00007fffc7427000 	C:\Program Files\Eclipse Adoptium\jdk-11.0.16.101-hotspot\bin\jli.dll
0x00007fffc5620000 - 0x00007fffc5635000 	C:\Program Files\Eclipse Adoptium\jdk-11.0.16.101-hotspot\bin\VCRUNTIME140.dll
0x00007fffd0e20000 - 0x00007fffd0fc0000 	C:\Windows\System32\USER32.dll
0x00007fffce8c0000 - 0x00007fffce8e2000 	C:\Windows\System32\win32u.dll
0x00007fffb8000000 - 0x00007fffb829a000 	C:\Windows\WinSxS\amd64_microsoft.windows.common-controls_6595b64144ccf1df_6.0.19041.1110_none_60b5254171f9507e\COMCTL32.dll
0x00007fffd0370000 - 0x00007fffd039a000 	C:\Windows\System32\GDI32.dll
0x00007fffceee0000 - 0x00007fffcefeb000 	C:\Windows\System32\gdi32full.dll
0x00007fffcf470000 - 0x00007fffcf50e000 	C:\Windows\System32\msvcrt.dll
0x00007fffceff0000 - 0x00007fffcf08d000 	C:\Windows\System32\msvcp_win.dll
0x00007fffd08b0000 - 0x00007fffd08e0000 	C:\Windows\System32\IMM32.DLL
0x00007fffa10d0000 - 0x00007fffa116b000 	C:\Program Files\Eclipse Adoptium\jdk-11.0.16.101-hotspot\bin\msvcp140.dll
0x00007fff5db90000 - 0x00007fff5e712000 	C:\Program Files\Eclipse Adoptium\jdk-11.0.16.101-hotspot\bin\server\jvm.dll
0x00007fffd0bb0000 - 0x00007fffd0c5e000 	C:\Windows\System32\ADVAPI32.dll
0x00007fffcf640000 - 0x00007fffcf6dc000 	C:\Windows\System32\sechost.dll
0x00007fffd0240000 - 0x00007fffd0365000 	C:\Windows\System32\RPCRT4.dll
0x00007fffd1020000 - 0x00007fffd1028000 	C:\Windows\System32\PSAPI.DLL
0x00007fffc5660000 - 0x00007fffc5669000 	C:\Windows\SYSTEM32\WSOCK32.dll
0x00007fffd0820000 - 0x00007fffd088b000 	C:\Windows\System32\WS2_32.dll
0x00007fffc5240000 - 0x00007fffc524a000 	C:\Windows\SYSTEM32\VERSION.dll
0x00007fffb19c0000 - 0x00007fffb19e7000 	C:\Windows\SYSTEM32\WINMM.dll
0x00007fffcd0a0000 - 0x00007fffcd0b2000 	C:\Windows\SYSTEM32\kernel.appcore.dll
0x00007fffc73f0000 - 0x00007fffc7400000 	C:\Program Files\Eclipse Adoptium\jdk-11.0.16.101-hotspot\bin\verify.dll
0x00007fffcc380000 - 0x00007fffcc564000 	C:\Windows\SYSTEM32\DBGHELP.DLL
0x00007fffb3570000 - 0x00007fffb359c000 	C:\Windows\SYSTEM32\dbgcore.DLL
0x00007fffce8f0000 - 0x00007fffce972000 	C:\Windows\System32\bcryptPrimitives.dll
0x00007fffa5e70000 - 0x00007fffa5e98000 	C:\Program Files\Eclipse Adoptium\jdk-11.0.16.101-hotspot\bin\java.dll
0x00007fffc5610000 - 0x00007fffc561a000 	C:\Program Files\Eclipse Adoptium\jdk-11.0.16.101-hotspot\bin\jimage.dll
0x00007fffa9390000 - 0x00007fffa93a8000 	C:\Program Files\Eclipse Adoptium\jdk-11.0.16.101-hotspot\bin\zip.dll

dbghelp: loaded successfully - version: 4.0.5 - missing functions: none
symbol engine: initialized successfully - sym options: 0x614 - pdb path: .;C:\Program Files\Eclipse Adoptium\jdk-11.0.16.101-hotspot\bin;C:\Windows\SYSTEM32;C:\Windows\WinSxS\amd64_microsoft.windows.common-controls_6595b64144ccf1df_6.0.19041.1110_none_60b5254171f9507e;C:\Program Files\Eclipse Adoptium\jdk-11.0.16.101-hotspot\bin\server

VM Arguments:
java_command: <unknown>
java_class_path (initial): <not set>
Launcher Type: SUN_STANDARD

[Global flags]
     intx CICompilerCount                          = 4                                         {product} {ergonomic}
     uint ConcGCThreads                            = 2                                         {product} {ergonomic}
     uint G1ConcRefinementThreads                  = 8                                         {product} {ergonomic}
   size_t G1HeapRegionSize                         = 1048576                                   {product} {ergonomic}
    uintx GCDrainStackTargetSize                   = 64                                        {product} {ergonomic}
   size_t InitialHeapSize                          = 264241152                                 {product} {ergonomic}
   size_t MarkStackSize                            = 4194304                                   {product} {ergonomic}
   size_t MaxHeapSize                              = 4215275520                                {product} {ergonomic}
   size_t MinHeapDeltaBytes                        = 1048576                                   {product} {ergonomic}
    uintx NonNMethodCodeHeapSize                   = 5836300                                {pd product} {ergonomic}
    uintx NonProfiledCodeHeapSize                  = 122910970                              {pd product} {ergonomic}
    uintx ProfiledCodeHeapSize                     = 122910970                              {pd product} {ergonomic}
    uintx ReservedCodeCacheSize                    = 251658240                              {pd product} {ergonomic}
     bool SegmentedCodeCache                       = true                                      {product} {ergonomic}
     bool UseCompressedClassPointers               = true                                 {lp64_product} {ergonomic}
     bool UseCompressedOops                        = true                                 {lp64_product} {ergonomic}
     bool UseG1GC                                  = true                                      {product} {ergonomic}
     bool UseLargePagesIndividualAllocation        = false                                  {pd product} {ergonomic}

Logging:
Log output configuration:
 #0: stdout all=warning uptime,level,tags
 #1: stderr all=off uptime,level,tags

Environment Variables:
PATH=C:\Users\Asus\Documents\technical-test\tenxers\android\node_modules\.bin;C:\Users\Asus\Documents\technical-test\tenxers\node_modules\.bin;C:\Users\Asus\Documents\technical-test\node_modules\.bin;C:\Users\Asus\Documents\node_modules\.bin;C:\Users\Asus\node_modules\.bin;C:\Users\node_modules\.bin;C:\node_modules\.bin;C:\Program Files\nodejs;C:\Users\Asus\Documents\technical-test\tenxers\node_modules\.bin;C:\Users\Asus\Documents\technical-test\tenxers\node_modules\.bin;C:\Users\Asus\Documents\technical-test\node_modules\.bin;C:\Users\Asus\Documents\node_modules\.bin;C:\Users\Asus\node_modules\.bin;C:\Users\node_modules\.bin;C:\node_modules\.bin;C:\Users\Asus\AppData\Roaming\npm\node_modules\npm\node_modules\@npmcli\run-script\lib\node-gyp-bin;C:\Users\Asus\bin;C:\Program Files\Git\mingw64\bin;C:\Program Files\Git\usr\local\bin;C:\Program Files\Git\usr\bin;C:\Program Files\Git\usr\bin;C:\Program Files\Git\mingw64\bin;C:\Program Files\Git\usr\bin;C:\Users\Asus\bin;C:\Program Files\Eclipse Adoptium\jdk-11.0.16.101-hotspot\bin;%C_EM64T_REDIST11%bin\Intel64;C:\Windows\system32;C:\Windows;C:\Windows\System32\Wbem;C:\Windows\System32\WindowsPowerShell\v1.0;C:\Windows\System32\OpenSSH;C:\Program Files\Git\cmd;C:\ProgramData\chocolatey\bin;C:\Program Files\Microsoft VS Code\bin;C:\php8;C:\ProgramData\ComposerSetup\bin;C:\Program Files\nodejs;C:\Users\Asus\AppData\Local\Microsoft\WindowsApps;C:\Users\Asus\AppData\Local\Programs\Microsoft VS Code\bin;C:\Users\Asus\AppData\Local\Programs\Hyper\resources\bin;C:\Users\Asus\AppData\Roaming\Composer\vendor\bin;C:\Users\Asus\AppData\Roaming\npm;C:\Users\Asus\AppData\Local\Android\Sdk\platform-tools;C:\Program Files\Git\usr\bin\vendor_perl;C:\Program Files\Git\usr\bin\core_perl
USERNAME=Asus
SHELL=C:\Program Files\Git\usr\bin\bash.exe
DISPLAY=needs-to-be-defined
LANG=en_US.UTF-8
OS=Windows_NT
PROCESSOR_IDENTIFIER=Intel64 Family 6 Model 140 Stepping 1, GenuineIntel
TMP=C:\Users\Asus\AppData\Local\Temp
TEMP=C:\Users\Asus\AppData\Local\Temp



---------------  S Y S T E M  ---------------

OS: Windows 10 , 64 bit Build 19041 (10.0.19041.1889)
OS uptime: 4 days 15:15 hours
Hyper-V role detected

CPU:total 8 (initial active 8) (4 cores per cpu, 2 threads per core) family 6 model 140 stepping 1 microcode 0x86, cmov, cx8, fxsr, mmx, sse, sse2, sse3, ssse3, sse4.1, sse4.2, popcnt, avx, avx2, aes, clmul, erms, 3dnowpref, lzcnt, ht, tsc, tscinvbit, bmi1, bmi2, adx, evex, sha, fma

Memory: 4k page, system-wide physical 16078M (1399M free)
TotalPageFile size 24270M (AvailPageFile size 124M)
current process WorkingSet (physical memory assigned to process): 10M, peak: 10M
current process commit charge ("private bytes"): 60M, peak: 312M

vm_info: OpenJDK 64-Bit Server VM (11.0.16.1+1) for windows-amd64 JRE (11.0.16.1+1), built on Aug 16 2022 02:58:04 by "" with MS VC++ 15.9 (VS2017)

END.
